<?xml version="1.0" encoding="UTF-8"?>
<!-- Generated by org.testng.reporters.JUnitReportReporter -->
<testsuite hostname="DESKTOP-0CUFEEG" failures="0" tests="2" name="com.qa.pageTest.QaFox_PageTest" time="0.189" errors="0" timestamp="2023-08-25T00:48:37 IST" skipped="0">
  <testcase classname="com.qa.pageTest.QaFox_PageTest" name="getTitleTest" time="0.104"/>
  <system-out/>
  <testcase classname="com.qa.pageTest.QaFox_PageTest" name="dropDownOptionsTest" time="0.085"/>
  <system-out/>
</testsuite> <!-- com.qa.pageTest.QaFox_PageTest -->
